# JRE version: OpenJDK Runtime Environment (11.0.12+7) (build 11.0.12+7-b1504.28-7817840)
# Java VM: OpenJDK 64-Bit Server VM (11.0.12+7-b1504.28-7817840, mixed mode, tiered, compressed oops, g1 gc, windows-amd64)
Heap:
 garbage-first heap   total 65536K, used 18782K [0x00000000c0800000, 0x0000000100000000)
  region size 1024K, 17 young (17408K), 2 survivors (2048K)
 Metaspace       used 15170K, capacity 15412K, committed 15616K, reserved 1062912K
  class space    used 1092K, capacity 1156K, committed 1280K, reserved 1048576K
GC Heap History (6 events):
Event: 1.429 GC heap before
{Heap before GC invocations=0 (full 0):
 garbage-first heap   total 65536K, used 13312K [0x00000000c0800000, 0x0000000100000000)
  region size 1024K, 14 young (14336K), 0 survivors (0K)
 Metaspace       used 9691K, capacity 9869K, committed 10112K, reserved 1058816K
  class space    used 824K, capacity 861K, committed 896K, reserved 1048576K
}
Event: 1.433 GC heap after
{Heap after GC invocations=1 (full 0):
 garbage-first heap   total 65536K, used 1846K [0x00000000c0800000, 0x0000000100000000)
  region size 1024K, 2 young (2048K), 2 survivors (2048K)
 Metaspace       used 9691K, capacity 9869K, committed 10112K, reserved 1058816K
  class space    used 824K, capacity 861K, committed 896K, reserved 1048576K
}
Event: 21.482 GC heap before
{Heap before GC invocations=1 (full 0):
 garbage-first heap   total 65536K, used 38710K [0x00000000c0800000, 0x0000000100000000)
  region size 1024K, 38 young (38912K), 2 survivors (2048K)
 Metaspace       used 15044K, capacity 15220K, committed 15616K, reserved 1062912K
  class space    used 1092K, capacity 1156K, committed 1280K, reserved 1048576K
}
Event: 21.488 GC heap after
{Heap after GC invocations=2 (full 0):
 garbage-first heap   total 65536K, used 5165K [0x00000000c0800000, 0x0000000100000000)
  region size 1024K, 5 young (5120K), 5 survivors (5120K)
 Metaspace       used 15044K, capacity 15220K, committed 15616K, reserved 1062912K
  class space    used 1092K, capacity 1156K, committed 1280K, reserved 1048576K
}
Event: 41.926 GC heap before
{Heap before GC invocations=2 (full 0):
 garbage-first heap   total 65536K, used 38957K [0x00000000c0800000, 0x0000000100000000)
  region size 1024K, 38 young (38912K), 5 survivors (5120K)
 Metaspace       used 15101K, capacity 15348K, committed 15616K, reserved 1062912K
  class space    used 1092K, capacity 1156K, committed 1280K, reserved 1048576K
}
Event: 41.931 GC heap after
{Heap after GC invocations=3 (full 0):
 garbage-first heap   total 65536K, used 4446K [0x00000000c0800000, 0x0000000100000000)
  region size 1024K, 2 young (2048K), 2 survivors (2048K)
 Metaspace       used 15101K, capacity 15348K, committed 15616K, reserved 1062912K
  class space    used 1092K, capacity 1156K, committed 1280K, reserved 1048576K
}

